["EVIS-223 パンストレッグ", ">DMM独家", ">女同性恋", ">其他恋物癖", ">恋腿癖", ">女同接吻", ">高画质"]
["STCESD-014 【お得セッ", ">DMM独家", ">荡妇", ">熟女", ">女同性恋", ">连裤袜", ">高画质", ">颜面骑乘", ">セット商品"]
["EVIS-210 パンストレッグ", ">DMM独家", ">女同性恋", ">其他恋物癖", ">连裤袜", ">恋腿癖", ">女同接吻"]
["EVIS-197 蒸れた美脚匂い", ">DMM独家", ">女同性恋", ">其他恋物癖", ">恋腿癖"]
["FNK-040 痴漢オークション", ">颜射", ">女同性恋", ">滥交", ">女教师", ">连裤袜", ">性骚扰", ">高画质"]
["BBAN-108 背徳の関係＜コ", ">DMM独家", ">OL", ">女同性恋", ">连裤袜", ">女同接吻", ">高画质"]
["EVIS-169 過敏な脚 足指", ">DMM独家", ">女同性恋", ">其他恋物癖", ">恋腿癖"]

["DIV-220 グラマラスレズビ", ">女同性恋", ">恋乳癖", ">屁股", ">姐姐", ">恋腿癖", ">乳液", ">女同接吻", ">高画质"]
["ONAJ-309 二人の美脚なお", ">自慰", ">女同性恋", ">连裤袜", ">恋腿癖", ">手指插入"]
["LESJ-319 パンスト美脚が", ">女同性恋", ">连裤袜", ">恋腿癖"]
["AUKG-327 レズの教室～女", ">女同性恋", ">苗条", ">女教师", ">连裤袜", ">戏剧"]
["BBAN-074 レースクィーン", ">女同性恋", ">赛车女郎", ">连裤袜", ">恋腿癖", ">女同接吻", ">高画质"]
["BBAN-070 ビビアンTV ", ">多P", ">女主播", ">女同性恋", ">连裤袜", ">女同接吻", ">高画质"]
["VVVD-134 女監督ハルナ ", ">合集", ">业余", ">女同性恋", ">连裤袜", ">数位马赛克"]
["MGMP-002 2015 ME", ">合集", ">肛交", ">荡妇", ">女同性恋", ">恋腿癖"]
["CETD-273 絡み合う軟体レ", ">肛交", ">熟女", ">女同性恋", ">花痴", ">恋腿癖", ">高画质"]
["LZWM-009 漆黒のパンスト", ">DMM独家", ">女同性恋", ">连裤袜", ">屁股", ">恋腿癖", ">女同接吻", ">高画质"]
["CLUB-207 職場の美人先輩", ">女同性恋", ">连裤袜", ">偷窥", ">制服", ">舔阴", ">高画质"]
["DIV-199 生足美脚レズビア", ">高中女生", ">护士", ">OL", ">女同性恋", ">恋腿癖", ">高画质"]
["EVIS-086 女子の足指を丁", ">女同性恋", ">其他恋物癖", ">恋腿癖"]
["KD-002 DOUBLE LE", ">紧缚", ">女同性恋", ">身体意识", ">其他恋物癖", ">连裤袜"]
["KC-001 Crazy lea", ">紧缚", ">单体作品", ">荡妇", ">女同性恋", ">身体意识", ">连裤袜"]
["LZWM-005 漆黒のパンスト", ">女同性恋", ">连裤袜", ">屁股", ">恋腿癖", ">女同接吻", ">高画质"]
["AUKG-269 パンストレズエ", ">巨乳", ">女同性恋", ">连裤袜", ">美容院", ">女同接吻", ">高画质"]
["VICD-289 女監督ハルナ ", ">业余", ">女同性恋", ">猎艳", ">连裤袜", ">高画质"]
["AUKG-266 オフィスラヴ～", ">荡妇", ">OL", ">女同性恋", ">连裤袜", ">女同接吻", ">高画质"]
["AUKB-047 OLパンスト ", ">合集", ">DMM独家", ">OL", ">女同性恋", ">连裤袜", ">女同接吻"]
["AUKG-327 レズの教室～女", ">女同性恋", ">苗条", ">女教师", ">连裤袜", ">戏剧"]
["AUKG-269 パンストレズエ", ">巨乳", ">女同性恋", ">连裤袜", ">美容院", ">女同接吻", ">高画质"]
["AUKG-266 オフィスラヴ～", ">荡妇", ">OL", ">女同性恋", ">连裤袜", ">女同接吻", ">高画质"]
["AUKG-192 OL レズ性交", ">DMM独家", ">OL", ">女同性恋", ">连裤袜", ">恋腿癖", ">女同接吻"]
["AUKG-146 オフィスラヴ ", ">OL", ">女同性恋", ">连裤袜", ">恋腿癖", ">女同接吻", ">高画质"]
["AUKG-122 美脚パンストレ", ">女生", ">女同性恋", ">展场女孩", ">恋腿癖", ">女同接吻", ">高画质"]
["AUKG-099 美脚パンストレ", ">DMM独家", ">OL", ">女同性恋", ">连裤袜", ">恋腿癖", ">女同接吻"]
["AUKG-077 巨乳OLパンス", ">巨乳", ">DMM独家", ">OL", ">女同性恋", ">连裤袜", ">女同接吻"]

["BBAN-074 レースクィーン", ">女同性恋", ">赛车女郎", ">连裤袜", ">恋腿癖", ">女同接吻", ">高画质"]
["BBAN-070 ビビアンTV ", ">多P", ">女主播", ">女同性恋", ">连裤袜", ">女同接吻", ">高画质"]

["STCESD-014 【お得セッ", ">荡妇>>熟女>>女同性恋>>连裤袜>>高画质>>颜面骑乘>>セット商品", "https://javmoo.com/cn/movie/6ij6"]
["EVIS-210 パンストレッグ", ">女同性恋>>其他恋物癖>>连裤袜>>恋腿癖>>女同接吻", "https://javmoo.com/cn/movie/6hfn"]
["FNK-040 痴漢オークション", ">女同性恋>>滥交>>女教师>>连裤袜>>性骚扰>>高画质", "https://javmoo.com/cn/movie/6e1s"]
["BBAN-108 背徳の関係＜コ", ">OL>>女同性恋>>连裤袜>>女同接吻>>高画质", "https://javmoo.com/cn/movie/5o4b"]
["GWAZ-082 「初美沙希」イ", ">荡妇>>女同性恋>>乱伦>>淫语>>连裤袜>>4小时以上作品>>女優ベスト・総集編", "https://javmoo.com/cn/movie/5mw4"]
["ONAJ-309 二人の美脚なお", ">女同性恋>>连裤袜>>恋腿癖>>手指插入", "https://javmoo.com/cn/movie/5hkr"]
["BBAN-070 ビビアンTV ", ">女主播>>女同性恋>>连裤袜>>女同接吻>>高画质", "https://javmoo.com/cn/movie/59kq"]
["VVVD-134 女監督ハルナ ", ">业余>>女同性恋>>连裤袜>>数位马赛克", "https://javmoo.com/cn/movie/59ct"]
["LZWM-009 漆黒のパンスト", ">女同性恋>>连裤袜>>屁股>>恋腿癖>>女同接吻>>高画质", "https://javmoo.com/cn/movie/55jy"]
["KD-002 DOUBLE LE", ">女同性恋>>身体意识>>其他恋物癖>>连裤袜", "https://javmoo.com/cn/movie/4r48"]
["KC-001 Crazy lea", ">单体作品>>荡妇>>女同性恋>>身体意识>>连裤袜", "https://javmoo.com/cn/movie/4qxz"]
["AUKG-269 パンストレズエ", ">女同性恋>>连裤袜>>美容院>>女同接吻>>高画质", "https://javmoo.com/cn/movie/4l7v"]
["VICD-289 女監督ハルナ ", ">女同性恋>>猎艳>>连裤袜>>高画质", "https://javmoo.com/cn/movie/4l28"]
["AUKG-266 オフィスラヴ～", ">OL>>女同性恋>>连裤袜>>女同接吻>>高画质", "https://javmoo.com/cn/movie/4l4o"]
["AUKB-047 OLパンスト ", ">DMM独家>>OL>>女同性恋>>连裤袜>>女同接吻", "https://javmoo.com/cn/movie/4gn3"]
["VICD-272 女監督ハルナの", ">女同性恋>>连裤袜>>数位马赛克>>高画质", "https://javmoo.com/cn/movie/49vc"]
["CETD-149 同性愛中毒適齢", ">女同性恋>>连裤袜>>已婚妇女>>戏剧", "https://javmoo.com/cn/movie/468s"]
["BNSH-013 会員制デリヘル", ">内衣>>女同性恋>>妓女>>淫语>>连裤袜", "https://javmoo.com/cn/movie/43e8"]
["EVIS-034 足指先までしゃ", ">女同性恋>>连裤袜>>恋腿癖", "https://javmoo.com/cn/movie/3wog"]
["AUKG-192 OL レズ性交", ">OL>>女同性恋>>连裤袜>>恋腿癖>>女同接吻", "https://javmoo.com/cn/movie/3wqa"]
["CYAN-003 レズビアンの姑", ">女同性恋>>连裤袜>>已婚妇女", "https://javmoo.com/cn/movie/2k56"]
["OPRD-075 蒸れ臭い艶パン", ">颜射>>吞精>>女同性恋>>连裤袜>>数位马赛克>>高画质", "https://javmoo.com/cn/movie/2bxq"]
["EMAZ-218 レズビアン求愛", ">DMM独家>>自慰>>熟女>>女同性恋>>连裤袜", "https://javmoo.com/cn/movie/2k52"]
["PLZB-002 パンストレズビ", ">DMM独家>>女同性恋>>连裤袜", "https://javmoo.com/cn/movie/f8y"]
["SPSA-005 美脚美尻 パン", ">女同性恋>>连裤袜>>屁股>>恋腿癖", "https://javmoo.com/cn/movie/2jin"]
["VICD-216 黒パンストが似", ">DMM独家>>业余>>女同性恋>>猎艳>>连裤袜>>姐姐>>舔阴>>高画质", "https://javmoo.com/cn/movie/2jgk"]
["HYAV-004 Wパンスト！レ", ">女同性恋>>连裤袜>>女优按摩棒>>足交", "https://javmoo.com/cn/movie/1o0x"]
["JUFD-178 軟体ソープ天国", ">DMM独家>>女同性恋>>连裤袜>>数位马赛克>>紧身衣>>乳房>>高画质", "https://javmoo.com/cn/movie/1m62"]
["AUKG-077 巨乳OLパンス", ">DMM独家>>OL>>女同性恋>>连裤袜>>女同接吻", "https://javmoo.com/cn/movie/2jcz"]
["PLZB-001 パンストレズビ", ">女同性恋>>连裤袜", "https://javmoo.com/cn/movie/bw2"]
["DOKS-183 舐め愛レズビア", ">女同性恋>>连裤袜>>舔阴", "https://javmoo.com/cn/movie/kb7"]
["HYAV-003 Wパンスト！レ", ">女同性恋>>连裤袜>>姐姐>>舔阴", "https://javmoo.com/cn/movie/1maq"]
["SHED-057 ニューハーフV", ">女同性恋>>连裤袜>>变性者", "https://javmoo.com/cn/movie/wdy"]
